
	08:23:30 [SEGURO:00] CLIENTE[  20  ] ==>	ASEG: Dominicana de Seguros   ==> 	TIEMPO: 0.06 Segs. ==>	MONTO: 375.00
	08:27:44 [SEGURO:00] CLIENTE[  20  ] ==>	ASEG: Dominicana de Seguros   ==> 	TIEMPO: 0.06 Segs. ==>	MONTO: 375.00
	09:05:57 [SEGURO:00] CLIENTE[  34  ] ==>	ASEG: ATRIO Seguros           ==> 	TIEMPO: 0.08 Segs. ==>	MONTO: 2,475.00
	09:15:07 [SEGURO:00] CLIENTE[  20  ] ==>	ASEG: Dominicana de Seguros   ==> 	TIEMPO: 0.12 Segs. ==>	MONTO: 375.00
	09:18:41 [SEGURO:00] CLIENTE[  20  ] ==>	ASEG: Dominicana de Seguros   ==> 	TIEMPO: 0.06 Segs. ==>	MONTO: 375.00
	09:26:48 [SEGURO:00] CLIENTE[  20  ] ==>	ASEG: Dominicana de Seguros   ==> 	TIEMPO: 0.07 Segs. ==>	MONTO: 375.00
	09:46:44 [SEGURO:00] CLIENTE[  20  ] ==>	ASEG: Dominicana de Seguros   ==> 	TIEMPO: 0.06 Segs. ==>	MONTO: 375.00
	09:49:15 [SEGURO:00] CLIENTE[  20  ] ==>	ASEG: Dominicana de Seguros   ==> 	TIEMPO: 0.07 Segs. ==>	MONTO: 1,875.00
	09:52:00 [SEGURO:00] CLIENTE[  20  ] ==>	ASEG: Dominicana de Seguros   ==> 	TIEMPO: 9.37 Segs. ==>	MONTO: 695.00
	10:03:25 [SEGURO:00] CLIENTE[  20  ] ==>	ASEG: Dominicana de Seguros   ==> 	TIEMPO: 0.07 Segs. ==>	MONTO: 375.00
	10:12:09 [SEGURO:00] CLIENTE[  20  ] ==>	ASEG: Dominicana de Seguros   ==> 	TIEMPO: 0.07 Segs. ==>	MONTO: 175.00
	10:29:39 [SEGURO:00] CLIENTE[  20  ] ==>	ASEG: Dominicana de Seguros   ==> 	TIEMPO: 0.07 Segs. ==>	MONTO: 695.00
	10:32:14 [SEGURO:00] CLIENTE[  20  ] ==>	ASEG: Dominicana de Seguros   ==> 	TIEMPO: 0.08 Segs. ==>	MONTO: 2,475.00
	10:32:53 [SEGURO:00] CLIENTE[  34  ] ==>	ASEG: ATRIO Seguros           ==> 	TIEMPO: 0.48 Segs. ==>	MONTO: 375.00
	10:34:14 [SEGURO:00] CLIENTE[  20  ] ==>	ASEG: Dominicana de Seguros   ==> 	TIEMPO: 0.48 Segs. ==>	MONTO: 7,275.00
	10:36:22 [SEGURO:00] CLIENTE[  20  ] ==>	ASEG: Dominicana de Seguros   ==> 	TIEMPO: 0.17 Segs. ==>	MONTO: 375.00
	10:40:26 [SEGURO:00] CLIENTE[  20  ] ==>	ASEG: Dominicana de Seguros   ==> 	TIEMPO: 0.07 Segs. ==>	MONTO: 375.00
	11:01:06 [SEGURO:00] CLIENTE[  20  ] ==>	ASEG: Dominicana de Seguros   ==> 	TIEMPO: 0.07 Segs. ==>	MONTO: 375.00
	11:07:49 [SEGURO:00] CLIENTE[  20  ] ==>	ASEG: Dominicana de Seguros   ==> 	TIEMPO: 0.13 Segs. ==>	MONTO: 175.00
	11:32:53 [SEGURO:00] CLIENTE[  20  ] ==>	ASEG: Dominicana de Seguros   ==> 	TIEMPO: 0.07 Segs. ==>	MONTO: 375.00
	11:33:17 [SEGURO:00] CLIENTE[  20  ] ==>	ASEG: Dominicana de Seguros   ==> 	TIEMPO: 0.07 Segs. ==>	MONTO: 375.00
	11:36:12 [SEGURO:00] CLIENTE[  20  ] ==>	ASEG: Dominicana de Seguros   ==> 	TIEMPO: 0.07 Segs. ==>	MONTO: 1,875.00
	12:01:41 [SEGURO:00] CLIENTE[  20  ] ==>	ASEG: Dominicana de Seguros   ==> 	TIEMPO: 0.11 Segs. ==>	MONTO: 375.00
	12:10:34 [SEGURO:00] CLIENTE[  20  ] ==>	ASEG: Dominicana de Seguros   ==> 	TIEMPO: 0.24 Segs. ==>	MONTO: 1,875.00
	12:17:58 [SEGURO:00] CLIENTE[  20  ] ==>	ASEG: Dominicana de Seguros   ==> 	TIEMPO: 0.07 Segs. ==>	MONTO: 1,875.00
	12:20:14 [SEGURO:00] CLIENTE[  20  ] ==>	ASEG: Dominicana de Seguros   ==> 	TIEMPO: 0.07 Segs. ==>	MONTO: 375.00
	12:27:24 [SEGURO:00] CLIENTE[  20  ] ==>	ASEG: Dominicana de Seguros   ==> 	TIEMPO: 0.07 Segs. ==>	MONTO: 375.00
	12:40:54 [SEGURO:00] CLIENTE[  54  ] ==>	ASEG: ATRIO Seguros           ==> 	TIEMPO: 0.07 Segs. ==>	MONTO: 375.00
	12:41:35 [SEGURO:00] CLIENTE[  20  ] ==>	ASEG: ATRIO Seguros           ==> 	TIEMPO: 0.08 Segs. ==>	MONTO: 1,875.00
	13:08:34 [SEGURO:00] CLIENTE[  20  ] ==>	ASEG: Dominicana de Seguros   ==> 	TIEMPO: 0.07 Segs. ==>	MONTO: 695.00
	13:08:49 [SEGURO:00] CLIENTE[  20  ] ==>	ASEG: Dominicana de Seguros   ==> 	TIEMPO: 0.07 Segs. ==>	MONTO: 375.00
	13:55:33 [SEGURO:00] CLIENTE[  50  ] ==>	ASEG: ATRIO Seguros           ==> 	TIEMPO: 0.54 Segs. ==>	MONTO: 1,875.00
	14:02:12 [SEGURO:00] CLIENTE[  20  ] ==>	ASEG: Dominicana de Seguros   ==> 	TIEMPO: 0.08 Segs. ==>	MONTO: 1,875.00
	14:10:01 [SEGURO:00] CLIENTE[  20  ] ==>	ASEG: Dominicana de Seguros   ==> 	TIEMPO: 0.49 Segs. ==>	MONTO: 1,875.00
	14:41:08 [SEGURO:00] CLIENTE[  34  ] ==>	ASEG: ATRIO Seguros           ==> 	TIEMPO: 0.08 Segs. ==>	MONTO: 375.00
	14:47:52 [SEGURO:00] CLIENTE[  20  ] ==>	ASEG: Dominicana de Seguros   ==> 	TIEMPO: 0.07 Segs. ==>	MONTO: 1,875.00
	14:53:04 [SEGURO:00] CLIENTE[  20  ] ==>	ASEG: Dominicana de Seguros   ==> 	TIEMPO: 0.07 Segs. ==>	MONTO: 3,850.00
	14:53:07 [SEGURO:00] CLIENTE[  20  ] ==>	ASEG: Dominicana de Seguros   ==> 	TIEMPO: 0.07 Segs. ==>	MONTO: 995.00
	14:58:58 [SEGURO:00] CLIENTE[  34  ] ==>	ASEG: ATRIO Seguros           ==> 	TIEMPO: 0.08 Segs. ==>	MONTO: 375.00
	14:59:01 [SEGURO:00] CLIENTE[  20  ] ==>	ASEG: Dominicana de Seguros   ==> 	TIEMPO: 0.07 Segs. ==>	MONTO: 695.00
	15:06:49 [SEGURO:00] CLIENTE[  20  ] ==>	ASEG: Dominicana de Seguros   ==> 	TIEMPO: 0.06 Segs. ==>	MONTO: 1,875.00
	15:40:40 [SEGURO:00] CLIENTE[  34  ] ==>	ASEG: ATRIO Seguros           ==> 	TIEMPO: 0.08 Segs. ==>	MONTO: 375.00
	15:48:25 [SEGURO:00] CLIENTE[  20  ] ==>	ASEG: Dominicana de Seguros   ==> 	TIEMPO: 0.07 Segs. ==>	MONTO: 375.00
	15:57:56 [SEGURO:00] CLIENTE[  34  ] ==>	ASEG: ATRIO Seguros           ==> 	TIEMPO: 0.08 Segs. ==>	MONTO: 375.00
	16:00:46 [SEGURO:00] CLIENTE[  20  ] ==>	ASEG: Dominicana de Seguros   ==> 	TIEMPO: 0.07 Segs. ==>	MONTO: 1,215.00
	16:06:36 [SEGURO:00] CLIENTE[  20  ] ==>	ASEG: Dominicana de Seguros   ==> 	TIEMPO: 0.08 Segs. ==>	MONTO: 1,875.00
	16:08:28 [SEGURO:00] CLIENTE[  20  ] ==>	ASEG: Dominicana de Seguros   ==> 	TIEMPO: 0.07 Segs. ==>	MONTO: 375.00
	16:16:01 [SEGURO:00] CLIENTE[  20  ] ==>	ASEG: Dominicana de Seguros   ==> 	TIEMPO: 0.07 Segs. ==>	MONTO: 175.00
	16:19:45 [SEGURO:00] CLIENTE[  20  ] ==>	ASEG: Dominicana de Seguros   ==> 	TIEMPO: 0.25 Segs. ==>	MONTO: 375.00
	16:39:30 [SEGURO:00] CLIENTE[  20  ] ==>	ASEG: Dominicana de Seguros   ==> 	TIEMPO: 0.27 Segs. ==>	MONTO: 375.00
	16:49:35 [SEGURO:00] CLIENTE[  20  ] ==>	ASEG: Dominicana de Seguros   ==> 	TIEMPO: 0.07 Segs. ==>	MONTO: 1,875.00
	16:54:40 [SEGURO:00] CLIENTE[  20  ] ==>	ASEG: Dominicana de Seguros   ==> 	TIEMPO: 0.33 Segs. ==>	MONTO: 375.00
	16:55:43 [SEGURO:11] CLIENTE[  70  ] ==>	ASEG: No bal. disponible      ==> 	TIEMPO: 0.06 Segs. ==>	MONTO: 2,870.00
	17:03:50 [SEGURO:00] CLIENTE[  20  ] ==>	ASEG: Dominicana de Seguros   ==> 	TIEMPO: 0.09 Segs. ==>	MONTO: 275.00
	17:09:24 [SEGURO:00] CLIENTE[  20  ] ==>	ASEG: Dominicana de Seguros   ==> 	TIEMPO: 0.07 Segs. ==>	MONTO: 375.00
	17:11:21 [SEGURO:00] CLIENTE[  20  ] ==>	ASEG: Dominicana de Seguros   ==> 	TIEMPO: 0.08 Segs. ==>	MONTO: 1,875.00
	17:20:24 [SEGURO:00] CLIENTE[  20  ] ==>	ASEG: Dominicana de Seguros   ==> 	TIEMPO: 0.07 Segs. ==>	MONTO: 1,875.00
	17:25:28 [SEGURO:00] CLIENTE[  20  ] ==>	ASEG: Dominicana de Seguros   ==> 	TIEMPO: 0.15 Segs. ==>	MONTO: 1,875.00
	17:25:42 [SEGURO:00] CLIENTE[  20  ] ==>	ASEG: Dominicana de Seguros   ==> 	TIEMPO: 0.95 Segs. ==>	MONTO: 375.00
	18:31:07 [SEGURO:00] CLIENTE[  20  ] ==>	ASEG: Dominicana de Seguros   ==> 	TIEMPO: 0.07 Segs. ==>	MONTO: 375.00
	18:48:00 [SEGURO:00] CLIENTE[  20  ] ==>	ASEG: Dominicana de Seguros   ==> 	TIEMPO: 0.31 Segs. ==>	MONTO: 375.00
	18:54:02 [SEGURO:00] CLIENTE[  20  ] ==>	ASEG: Dominicana de Seguros   ==> 	TIEMPO: 0.06 Segs. ==>	MONTO: 695.00
	19:38:38 [SEGURO:00] CLIENTE[  20  ] ==>	ASEG: Dominicana de Seguros   ==> 	TIEMPO: 0.06 Segs. ==>	MONTO: 375.00