
	08:04:40 [SEGURO:00] CLIENTE[  20  ] ==>	ASEG: Dominicana de Seguros   ==> 	TIEMPO: 0.46 Segs. ==>	MONTO: 2,925.00
	08:29:07 [SEGURO:00] CLIENTE[  20  ] ==>	ASEG: Dominicana de Seguros   ==> 	TIEMPO: 0.18 Segs. ==>	MONTO: 375.00
	08:43:52 [SEGURO:00] CLIENTE[  54  ] ==>	ASEG: ATRIO Seguros           ==> 	TIEMPO: 0.04 Segs. ==>	MONTO: 375.00
	08:48:30 [SEGURO:00] CLIENTE[  20  ] ==>	ASEG: Dominicana de Seguros   ==> 	TIEMPO: 0.03 Segs. ==>	MONTO: 175.00
	08:48:39 [SEGURO:00] CLIENTE[  20  ] ==>	ASEG: Dominicana de Seguros   ==> 	TIEMPO: 0.03 Segs. ==>	MONTO: 375.00
	09:18:08 [SEGURO:00] CLIENTE[  34  ] ==>	ASEG: ATRIO Seguros           ==> 	TIEMPO: 0.04 Segs. ==>	MONTO: 1,875.00
	09:24:05 [SEGURO:00] CLIENTE[  20  ] ==>	ASEG: Dominicana de Seguros   ==> 	TIEMPO: 0.37 Segs. ==>	MONTO: 375.00
	09:25:07 [SEGURO:00] CLIENTE[  20  ] ==>	ASEG: Dominicana de Seguros   ==> 	TIEMPO: 0.03 Segs. ==>	MONTO: 375.00
	09:40:14 [SEGURO:00] CLIENTE[  20  ] ==>	ASEG: Dominicana de Seguros   ==> 	TIEMPO: 0.03 Segs. ==>	MONTO: 375.00
	09:45:26 [SEGURO:00] CLIENTE[  20  ] ==>	ASEG: Dominicana de Seguros   ==> 	TIEMPO: 0.03 Segs. ==>	MONTO: 375.00
	09:57:32 [SEGURO:00] CLIENTE[  20  ] ==>	ASEG: Dominicana de Seguros   ==> 	TIEMPO: 0.03 Segs. ==>	MONTO: 275.00
	09:58:24 [SEGURO:00] CLIENTE[  54  ] ==>	ASEG: ATRIO Seguros           ==> 	TIEMPO: 0.41 Segs. ==>	MONTO: 375.00
	10:15:26 [SEGURO:00] CLIENTE[  20  ] ==>	ASEG: Dominicana de Seguros   ==> 	TIEMPO: 0.05 Segs. ==>	MONTO: 375.00
	10:17:43 [SEGURO:00] CLIENTE[  20  ] ==>	ASEG: Dominicana de Seguros   ==> 	TIEMPO: 0.04 Segs. ==>	MONTO: 375.00
	10:25:35 [SEGURO:00] CLIENTE[  20  ] ==>	ASEG: Dominicana de Seguros   ==> 	TIEMPO: 0.03 Segs. ==>	MONTO: 175.00
	10:30:52 [SEGURO:00] CLIENTE[  20  ] ==>	ASEG: Dominicana de Seguros   ==> 	TIEMPO: 0.35 Segs. ==>	MONTO: 1,875.00
	10:38:39 [SEGURO:00] CLIENTE[  20  ] ==>	ASEG: Dominicana de Seguros   ==> 	TIEMPO: 0.23 Segs. ==>	MONTO: 375.00
	10:40:41 [SEGURO:00] CLIENTE[  20  ] ==>	ASEG: Dominicana de Seguros   ==> 	TIEMPO: 0.19 Segs. ==>	MONTO: 1,215.00
	10:42:37 [SEGURO:00] CLIENTE[  20  ] ==>	ASEG: Dominicana de Seguros   ==> 	TIEMPO: 0.03 Segs. ==>	MONTO: 1,875.00
	10:44:02 [SEGURO:00] CLIENTE[  20  ] ==>	ASEG: Dominicana de Seguros   ==> 	TIEMPO: 0.03 Segs. ==>	MONTO: 375.00
	10:45:30 [SEGURO:00] CLIENTE[  20  ] ==>	ASEG: Dominicana de Seguros   ==> 	TIEMPO: 0.08 Segs. ==>	MONTO: 275.00
	10:51:43 [SEGURO:00] CLIENTE[  20  ] ==>	ASEG: Dominicana de Seguros   ==> 	TIEMPO: 0.11 Segs. ==>	MONTO: 1,875.00
	10:56:04 [SEGURO:00] CLIENTE[  20  ] ==>	ASEG: Dominicana de Seguros   ==> 	TIEMPO: 0.03 Segs. ==>	MONTO: 695.00
	11:29:24 [SEGURO:11] CLIENTE[  54  ] ==>	ASEG: No bal. disponible      ==> 	TIEMPO: 0.20 Segs. ==>	MONTO: 375.00
	11:40:50 [SEGURO:00] CLIENTE[  20  ] ==>	ASEG: Dominicana de Seguros   ==> 	TIEMPO: 0.19 Segs. ==>	MONTO: 1,875.00
	11:47:30 [SEGURO:00] CLIENTE[  20  ] ==>	ASEG: Dominicana de Seguros   ==> 	TIEMPO: 0.03 Segs. ==>	MONTO: 1,215.00
	11:53:57 [SEGURO:00] CLIENTE[  20  ] ==>	ASEG: Dominicana de Seguros   ==> 	TIEMPO: 0.20 Segs. ==>	MONTO: 375.00
	11:58:09 [SEGURO:00] CLIENTE[  20  ] ==>	ASEG: Dominicana de Seguros   ==> 	TIEMPO: 0.07 Segs. ==>	MONTO: 375.00
	12:02:04 [SEGURO:00] CLIENTE[  20  ] ==>	ASEG: Dominicana de Seguros   ==> 	TIEMPO: 0.32 Segs. ==>	MONTO: 1,875.00
	12:13:01 [SEGURO:00] CLIENTE[  20  ] ==>	ASEG: Dominicana de Seguros   ==> 	TIEMPO: 0.03 Segs. ==>	MONTO: 175.00
	12:46:58 [SEGURO:00] CLIENTE[  20  ] ==>	ASEG: Dominicana de Seguros   ==> 	TIEMPO: 0.27 Segs. ==>	MONTO: 695.00
	13:09:38 [SEGURO:00] CLIENTE[  20  ] ==>	ASEG: Dominicana de Seguros   ==> 	TIEMPO: 0.03 Segs. ==>	MONTO: 1,875.00
	13:09:49 [SEGURO:00] CLIENTE[  20  ] ==>	ASEG: Dominicana de Seguros   ==> 	TIEMPO: 0.03 Segs. ==>	MONTO: 2,475.00
	13:12:18 [SEGURO:00] CLIENTE[  20  ] ==>	ASEG: Dominicana de Seguros   ==> 	TIEMPO: 0.08 Segs. ==>	MONTO: 375.00
	13:40:36 [SEGURO:00] CLIENTE[  73  ] ==>	ASEG: ATRIO Seguros           ==> 	TIEMPO: 0.04 Segs. ==>	MONTO: 900.00
	14:24:22 [SEGURO:00] CLIENTE[  20  ] ==>	ASEG: Dominicana de Seguros   ==> 	TIEMPO: 0.03 Segs. ==>	MONTO: 375.00
	14:40:09 [SEGURO:00] CLIENTE[  20  ] ==>	ASEG: Dominicana de Seguros   ==> 	TIEMPO: 0.19 Segs. ==>	MONTO: 375.00
	14:48:58 [SEGURO:00] CLIENTE[  20  ] ==>	ASEG: Dominicana de Seguros   ==> 	TIEMPO: 0.03 Segs. ==>	MONTO: 375.00
	15:17:14 [SEGURO:00] CLIENTE[  20  ] ==>	ASEG: Dominicana de Seguros   ==> 	TIEMPO: 0.12 Segs. ==>	MONTO: 375.00
	15:22:09 [SEGURO:00] CLIENTE[  20  ] ==>	ASEG: Dominicana de Seguros   ==> 	TIEMPO: 0.21 Segs. ==>	MONTO: 375.00
	15:31:32 [SEGURO:00] CLIENTE[  20  ] ==>	ASEG: Dominicana de Seguros   ==> 	TIEMPO: 0.03 Segs. ==>	MONTO: 2,475.00
	15:44:25 [SEGURO:00] CLIENTE[  20  ] ==>	ASEG: Dominicana de Seguros   ==> 	TIEMPO: 0.05 Segs. ==>	MONTO: 695.00
	15:50:41 [SEGURO:00] CLIENTE[  20  ] ==>	ASEG: Dominicana de Seguros   ==> 	TIEMPO: 0.12 Segs. ==>	MONTO: 175.00
	15:57:23 [SEGURO:00] CLIENTE[  20  ] ==>	ASEG: Dominicana de Seguros   ==> 	TIEMPO: 0.07 Segs. ==>	MONTO: 695.00
	16:22:32 [SEGURO:00] CLIENTE[  20  ] ==>	ASEG: Dominicana de Seguros   ==> 	TIEMPO: 0.03 Segs. ==>	MONTO: 175.00
	16:28:06 [SEGURO:00] CLIENTE[  20  ] ==>	ASEG: Dominicana de Seguros   ==> 	TIEMPO: 0.13 Segs. ==>	MONTO: 1,875.00
	16:28:51 [SEGURO:00] CLIENTE[  20  ] ==>	ASEG: Dominicana de Seguros   ==> 	TIEMPO: 0.44 Segs. ==>	MONTO: 1,875.00
	16:32:14 [SEGURO:00] CLIENTE[  20  ] ==>	ASEG: Dominicana de Seguros   ==> 	TIEMPO: 0.04 Segs. ==>	MONTO: 375.00
	16:36:04 [SEGURO:00] CLIENTE[  20  ] ==>	ASEG: Dominicana de Seguros   ==> 	TIEMPO: 0.21 Segs. ==>	MONTO: 375.00
	16:39:01 [SEGURO:00] CLIENTE[  20  ] ==>	ASEG: Dominicana de Seguros   ==> 	TIEMPO: 0.34 Segs. ==>	MONTO: 695.00
	16:42:36 [SEGURO:00] CLIENTE[  20  ] ==>	ASEG: Dominicana de Seguros   ==> 	TIEMPO: 0.03 Segs. ==>	MONTO: 175.00
	16:45:35 [SEGURO:00] CLIENTE[  20  ] ==>	ASEG: Dominicana de Seguros   ==> 	TIEMPO: 0.03 Segs. ==>	MONTO: 375.00
	16:54:17 [SEGURO:00] CLIENTE[  20  ] ==>	ASEG: ATRIO Seguros           ==> 	TIEMPO: 0.03 Segs. ==>	MONTO: 175.00
	17:06:23 [SEGURO:00] CLIENTE[  20  ] ==>	ASEG: Dominicana de Seguros   ==> 	TIEMPO: 0.03 Segs. ==>	MONTO: 1,875.00
	17:30:11 [SEGURO:00] CLIENTE[  20  ] ==>	ASEG: Dominicana de Seguros   ==> 	TIEMPO: 0.16 Segs. ==>	MONTO: 375.00
	17:37:51 [SEGURO:00] CLIENTE[  20  ] ==>	ASEG: Dominicana de Seguros   ==> 	TIEMPO: 0.03 Segs. ==>	MONTO: 375.00
	17:38:11 [SEGURO:00] CLIENTE[  20  ] ==>	ASEG: Dominicana de Seguros   ==> 	TIEMPO: 0.03 Segs. ==>	MONTO: 1,875.00
	17:55:25 [SEGURO:00] CLIENTE[  20  ] ==>	ASEG: Dominicana de Seguros   ==> 	TIEMPO: 0.41 Segs. ==>	MONTO: 375.00
	18:31:52 [SEGURO:00] CLIENTE[  20  ] ==>	ASEG: Dominicana de Seguros   ==> 	TIEMPO: 0.38 Segs. ==>	MONTO: 375.00
	19:11:44 [SEGURO:00] CLIENTE[  20  ] ==>	ASEG: Dominicana de Seguros   ==> 	TIEMPO: 0.03 Segs. ==>	MONTO: 1,875.00