
	08:40:54 [SEGURO:00] CLIENTE[  20  ] ==>	ASEG: Dominicana de Seguros   ==> 	TIEMPO: 0.03 Segs. ==>	MONTO: 175.00
	08:58:32 [SEGURO:00] CLIENTE[  20  ] ==>	ASEG: Dominicana de Seguros   ==> 	TIEMPO: 0.03 Segs. ==>	MONTO: 175.00
	09:30:04 [SEGURO:00] CLIENTE[  20  ] ==>	ASEG: Dominicana de Seguros   ==> 	TIEMPO: 0.06 Segs. ==>	MONTO: 375.00
	10:05:44 [SEGURO:00] CLIENTE[  20  ] ==>	ASEG: Dominicana de Seguros   ==> 	TIEMPO: 0.11 Segs. ==>	MONTO: 175.00
	10:31:52 [SEGURO:00] CLIENTE[  20  ] ==>	ASEG: Dominicana de Seguros   ==> 	TIEMPO: 0.13 Segs. ==>	MONTO: 375.00
	10:48:05 [SEGURO:00] CLIENTE[  20  ] ==>	ASEG: Dominicana de Seguros   ==> 	TIEMPO: 0.03 Segs. ==>	MONTO: 3,850.00
	10:53:49 [SEGURO:00] CLIENTE[  20  ] ==>	ASEG: Dominicana de Seguros   ==> 	TIEMPO: 0.03 Segs. ==>	MONTO: 1,875.00
	11:21:34 [SEGURO:00] CLIENTE[  20  ] ==>	ASEG: Dominicana de Seguros   ==> 	TIEMPO: 0.03 Segs. ==>	MONTO: 375.00
	11:30:47 [SEGURO:00] CLIENTE[  20  ] ==>	ASEG: Dominicana de Seguros   ==> 	TIEMPO: 0.05 Segs. ==>	MONTO: 1,875.00
	11:46:44 [SEGURO:00] CLIENTE[  34  ] ==>	ASEG: ATRIO Seguros           ==> 	TIEMPO: 0.05 Segs. ==>	MONTO: 375.00
	11:59:59 [SEGURO:00] CLIENTE[  34  ] ==>	ASEG: ATRIO Seguros           ==> 	TIEMPO: 0.04 Segs. ==>	MONTO: 375.00
	12:02:16 [SEGURO:00] CLIENTE[  20  ] ==>	ASEG: Dominicana de Seguros   ==> 	TIEMPO: 0.18 Segs. ==>	MONTO: 375.00
	13:09:49 [SEGURO:00] CLIENTE[  20  ] ==>	ASEG: Dominicana de Seguros   ==> 	TIEMPO: 0.03 Segs. ==>	MONTO: 375.00
	13:28:42 [SEGURO:00] CLIENTE[  20  ] ==>	ASEG: Dominicana de Seguros   ==> 	TIEMPO: 0.03 Segs. ==>	MONTO: 175.00
	14:21:56 [SEGURO:00] CLIENTE[  20  ] ==>	ASEG: Dominicana de Seguros   ==> 	TIEMPO: 0.03 Segs. ==>	MONTO: 375.00
	14:57:41 [SEGURO:00] CLIENTE[  20  ] ==>	ASEG: Dominicana de Seguros   ==> 	TIEMPO: 0.05 Segs. ==>	MONTO: 1,875.00
	15:13:43 [SEGURO:00] CLIENTE[  34  ] ==>	ASEG: ATRIO Seguros           ==> 	TIEMPO: 4.72 Segs. ==>	MONTO: 375.00
	15:27:55 [SEGURO:00] CLIENTE[  20  ] ==>	ASEG: ATRIO Seguros           ==> 	TIEMPO: 0.03 Segs. ==>	MONTO: 175.00
	15:29:40 [SEGURO:00] CLIENTE[  20  ] ==>	ASEG: Dominicana de Seguros   ==> 	TIEMPO: 0.04 Segs. ==>	MONTO: 375.00
	16:45:07 [SEGURO:00] CLIENTE[  20  ] ==>	ASEG: ATRIO Seguros           ==> 	TIEMPO: 0.03 Segs. ==>	MONTO: 2,475.00
	17:08:14 [SEGURO:00] CLIENTE[  46  ] ==>	ASEG: Dominicana de Seguros   ==> 	TIEMPO: 0.04 Segs. ==>	MONTO: 175.00
	17:10:15 [SEGURO:11] CLIENTE[  73  ] ==>	ASEG: No bal. disponible      ==> 	TIEMPO: 0.03 Segs. ==>	MONTO: 175.00
	17:27:47 [SEGURO:00] CLIENTE[  20  ] ==>	ASEG: Dominicana de Seguros   ==> 	TIEMPO: 0.03 Segs. ==>	MONTO: 2,925.00
	17:34:35 [SEGURO:00] CLIENTE[  34  ] ==>	ASEG: ATRIO Seguros           ==> 	TIEMPO: 0.31 Segs. ==>	MONTO: 375.00
	17:51:57 [SEGURO:00] CLIENTE[  20  ] ==>	ASEG: Dominicana de Seguros   ==> 	TIEMPO: 0.27 Segs. ==>	MONTO: 375.00
	18:45:05 [SEGURO:00] CLIENTE[  20  ] ==>	ASEG: Dominicana de Seguros   ==> 	TIEMPO: 0.03 Segs. ==>	MONTO: 275.00
	18:53:08 [SEGURO:00] CLIENTE[  20  ] ==>	ASEG: Dominicana de Seguros   ==> 	TIEMPO: 0.04 Segs. ==>	MONTO: 175.00
	20:01:34 [SEGURO:00] CLIENTE[  20  ] ==>	ASEG: Dominicana de Seguros   ==> 	TIEMPO: 0.03 Segs. ==>	MONTO: 375.00