
	08:22:53 [SEGURO:00] CLIENTE[  20  ] ==>	ASEG: Dominicana de Seguros   ==> 	TIEMPO: 0.05 Segs. ==>	MONTO: 275.00
	08:45:15 [SEGURO:00] CLIENTE[  20  ] ==>	ASEG: Dominicana de Seguros   ==> 	TIEMPO: 0.03 Segs. ==>	MONTO: 1,875.00
	09:32:36 [SEGURO:00] CLIENTE[  20  ] ==>	ASEG: Dominicana de Seguros   ==> 	TIEMPO: 0.03 Segs. ==>	MONTO: 695.00
	09:54:48 [SEGURO:00] CLIENTE[  20  ] ==>	ASEG: Dominicana de Seguros   ==> 	TIEMPO: 0.12 Segs. ==>	MONTO: 175.00
	09:55:15 [SEGURO:00] CLIENTE[  20  ] ==>	ASEG: Dominicana de Seguros   ==> 	TIEMPO: 0.03 Segs. ==>	MONTO: 375.00
	09:56:43 [SEGURO:00] CLIENTE[  20  ] ==>	ASEG: Dominicana de Seguros   ==> 	TIEMPO: 0.03 Segs. ==>	MONTO: 375.00
	10:03:42 [SEGURO:00] CLIENTE[  20  ] ==>	ASEG: Dominicana de Seguros   ==> 	TIEMPO: 0.03 Segs. ==>	MONTO: 175.00
	10:03:55 [SEGURO:00] CLIENTE[  20  ] ==>	ASEG: Dominicana de Seguros   ==> 	TIEMPO: 0.03 Segs. ==>	MONTO: 375.00
	10:04:36 [SEGURO:00] CLIENTE[  20  ] ==>	ASEG: Dominicana de Seguros   ==> 	TIEMPO: 0.03 Segs. ==>	MONTO: 375.00
	10:22:36 [SEGURO:00] CLIENTE[  20  ] ==>	ASEG: Dominicana de Seguros   ==> 	TIEMPO: 0.03 Segs. ==>	MONTO: 375.00
	10:33:19 [SEGURO:00] CLIENTE[  20  ] ==>	ASEG: Dominicana de Seguros   ==> 	TIEMPO: 0.03 Segs. ==>	MONTO: 1,875.00
	10:40:18 [SEGURO:00] CLIENTE[  34  ] ==>	ASEG: ATRIO Seguros           ==> 	TIEMPO: 0.04 Segs. ==>	MONTO: 4,575.00
	10:46:11 [SEGURO:00] CLIENTE[  20  ] ==>	ASEG: Dominicana de Seguros   ==> 	TIEMPO: 0.03 Segs. ==>	MONTO: 375.00
	10:53:24 [SEGURO:00] CLIENTE[  20  ] ==>	ASEG: Dominicana de Seguros   ==> 	TIEMPO: 0.03 Segs. ==>	MONTO: 995.00
	10:56:01 [SEGURO:00] CLIENTE[  34  ] ==>	ASEG: ATRIO Seguros           ==> 	TIEMPO: 0.04 Segs. ==>	MONTO: 1,875.00
	10:58:48 [SEGURO:00] CLIENTE[  20  ] ==>	ASEG: Dominicana de Seguros   ==> 	TIEMPO: 0.03 Segs. ==>	MONTO: 1,875.00
	11:01:20 [SEGURO:00] CLIENTE[  20  ] ==>	ASEG: Dominicana de Seguros   ==> 	TIEMPO: 0.03 Segs. ==>	MONTO: 375.00
	11:05:04 [SEGURO:00] CLIENTE[  20  ] ==>	ASEG: Dominicana de Seguros   ==> 	TIEMPO: 0.03 Segs. ==>	MONTO: 375.00
	11:16:29 [SEGURO:00] CLIENTE[  20  ] ==>	ASEG: Dominicana de Seguros   ==> 	TIEMPO: 0.04 Segs. ==>	MONTO: 175.00
	11:48:45 [SEGURO:00] CLIENTE[  20  ] ==>	ASEG: Dominicana de Seguros   ==> 	TIEMPO: 0.10 Segs. ==>	MONTO: 375.00
	12:43:42 [SEGURO:00] CLIENTE[  42  ] ==>	ASEG: Dominicana de Seguros   ==> 	TIEMPO: 0.04 Segs. ==>	MONTO: 1,875.00
	12:52:27 [SEGURO:00] CLIENTE[  20  ] ==>	ASEG: Dominicana de Seguros   ==> 	TIEMPO: 0.03 Segs. ==>	MONTO: 175.00
	13:15:09 [SEGURO:11] CLIENTE[  54  ] ==>	ASEG: No bal. disponible      ==> 	TIEMPO: 0.02 Segs. ==>	MONTO: 375.00
	14:29:31 [SEGURO:00] CLIENTE[  20  ] ==>	ASEG: Dominicana de Seguros   ==> 	TIEMPO: 0.05 Segs. ==>	MONTO: 375.00
	14:33:46 [SEGURO:00] CLIENTE[  20  ] ==>	ASEG: Dominicana de Seguros   ==> 	TIEMPO: 0.03 Segs. ==>	MONTO: 175.00
	14:47:34 [SEGURO:00] CLIENTE[  20  ] ==>	ASEG: Dominicana de Seguros   ==> 	TIEMPO: 0.03 Segs. ==>	MONTO: 695.00
	15:13:56 [SEGURO:00] CLIENTE[  20  ] ==>	ASEG: Dominicana de Seguros   ==> 	TIEMPO: 0.04 Segs. ==>	MONTO: 1,875.00
	15:20:14 [SEGURO:00] CLIENTE[  20  ] ==>	ASEG: Dominicana de Seguros   ==> 	TIEMPO: 0.03 Segs. ==>	MONTO: 375.00
	15:46:39 [SEGURO:00] CLIENTE[  34  ] ==>	ASEG: ATRIO Seguros           ==> 	TIEMPO: 0.40 Segs. ==>	MONTO: 375.00
	15:51:27 [SEGURO:00] CLIENTE[  20  ] ==>	ASEG: Dominicana de Seguros   ==> 	TIEMPO: 0.04 Segs. ==>	MONTO: 375.00
	15:54:20 [SEGURO:00] CLIENTE[  20  ] ==>	ASEG: ATRIO Seguros           ==> 	TIEMPO: 0.03 Segs. ==>	MONTO: 375.00
	16:24:13 [SEGURO:00] CLIENTE[  20  ] ==>	ASEG: Dominicana de Seguros   ==> 	TIEMPO: 0.03 Segs. ==>	MONTO: 275.00
	16:24:51 [SEGURO:00] CLIENTE[  54  ] ==>	ASEG: ATRIO Seguros           ==> 	TIEMPO: 0.04 Segs. ==>	MONTO: 3,350.00
	16:46:58 [SEGURO:00] CLIENTE[  20  ] ==>	ASEG: Dominicana de Seguros   ==> 	TIEMPO: 0.03 Segs. ==>	MONTO: 375.00
	16:57:42 [SEGURO:00] CLIENTE[  54  ] ==>	ASEG: ATRIO Seguros           ==> 	TIEMPO: 0.03 Segs. ==>	MONTO: 375.00
	17:05:48 [SEGURO:00] CLIENTE[  20  ] ==>	ASEG: Dominicana de Seguros   ==> 	TIEMPO: 0.04 Segs. ==>	MONTO: 1,875.00
	17:16:08 [SEGURO:11] CLIENTE[  54  ] ==>	ASEG: No bal. disponible      ==> 	TIEMPO: 0.02 Segs. ==>	MONTO: 375.00
	17:41:53 [SEGURO:00] CLIENTE[  20  ] ==>	ASEG: Dominicana de Seguros   ==> 	TIEMPO: 0.04 Segs. ==>	MONTO: 2,475.00
	17:49:17 [SEGURO:00] CLIENTE[  20  ] ==>	ASEG: Dominicana de Seguros   ==> 	TIEMPO: 0.04 Segs. ==>	MONTO: 1,875.00
	18:00:40 [SEGURO:00] CLIENTE[  20  ] ==>	ASEG: Dominicana de Seguros   ==> 	TIEMPO: 0.03 Segs. ==>	MONTO: 1,875.00
	18:02:26 [SEGURO:00] CLIENTE[  54  ] ==>	ASEG: ATRIO Seguros           ==> 	TIEMPO: 0.04 Segs. ==>	MONTO: 375.00
	18:08:33 [SEGURO:00] CLIENTE[  20  ] ==>	ASEG: Dominicana de Seguros   ==> 	TIEMPO: 0.03 Segs. ==>	MONTO: 375.00
	18:10:49 [SEGURO:00] CLIENTE[  54  ] ==>	ASEG: ATRIO Seguros           ==> 	TIEMPO: 0.03 Segs. ==>	MONTO: 375.00
	18:25:53 [SEGURO:00] CLIENTE[  20  ] ==>	ASEG: Dominicana de Seguros   ==> 	TIEMPO: 0.03 Segs. ==>	MONTO: 695.00
	18:27:00 [SEGURO:00] CLIENTE[  20  ] ==>	ASEG: Dominicana de Seguros   ==> 	TIEMPO: 0.59 Segs. ==>	MONTO: 375.00
	18:33:33 [SEGURO:00] CLIENTE[  20  ] ==>	ASEG: Dominicana de Seguros   ==> 	TIEMPO: 0.03 Segs. ==>	MONTO: 175.00
	18:56:12 [SEGURO:00] CLIENTE[  20  ] ==>	ASEG: Dominicana de Seguros   ==> 	TIEMPO: 0.03 Segs. ==>	MONTO: 1,875.00
	19:28:19 [SEGURO:00] CLIENTE[  20  ] ==>	ASEG: Dominicana de Seguros   ==> 	TIEMPO: 0.03 Segs. ==>	MONTO: 1,875.00
	19:33:32 [SEGURO:00] CLIENTE[  20  ] ==>	ASEG: Dominicana de Seguros   ==> 	TIEMPO: 0.04 Segs. ==>	MONTO: 175.00