
	08:19:45 [SEGURO:00] CLIENTE[  20  ] ==>	ASEG: Dominicana de Seguros   ==> 	TIEMPO: 0.04 Segs. ==>	MONTO: 175.00
	09:17:30 [SEGURO:00] CLIENTE[  20  ] ==>	ASEG: Dominicana de Seguros   ==> 	TIEMPO: 0.03 Segs. ==>	MONTO: 1,875.00
	09:31:43 [SEGURO:00] CLIENTE[  20  ] ==>	ASEG: Dominicana de Seguros   ==> 	TIEMPO: 0.03 Segs. ==>	MONTO: 175.00
	09:38:52 [SEGURO:00] CLIENTE[  20  ] ==>	ASEG: Dominicana de Seguros   ==> 	TIEMPO: 0.15 Segs. ==>	MONTO: 275.00
	09:46:02 [SEGURO:00] CLIENTE[  20  ] ==>	ASEG: Dominicana de Seguros   ==> 	TIEMPO: 0.03 Segs. ==>	MONTO: 695.00
	09:52:53 [SEGURO:00] CLIENTE[  20  ] ==>	ASEG: Dominicana de Seguros   ==> 	TIEMPO: 0.26 Segs. ==>	MONTO: 7,275.00
	10:33:36 [SEGURO:00] CLIENTE[  57  ] ==>	ASEG: ATRIO Seguros           ==> 	TIEMPO: 0.04 Segs. ==>	MONTO: 4,575.00
	10:44:21 [SEGURO:00] CLIENTE[  20  ] ==>	ASEG: Dominicana de Seguros   ==> 	TIEMPO: 0.03 Segs. ==>	MONTO: 375.00
	10:44:50 [SEGURO:00] CLIENTE[  20  ] ==>	ASEG: ATRIO Seguros           ==> 	TIEMPO: 0.03 Segs. ==>	MONTO: 695.00
	10:46:56 [SEGURO:00] CLIENTE[  34  ] ==>	ASEG: ATRIO Seguros           ==> 	TIEMPO: 0.04 Segs. ==>	MONTO: 375.00
	11:06:49 [SEGURO:00] CLIENTE[  20  ] ==>	ASEG: Dominicana de Seguros   ==> 	TIEMPO: 0.19 Segs. ==>	MONTO: 275.00
	12:04:53 [SEGURO:00] CLIENTE[  20  ] ==>	ASEG: ATRIO Seguros           ==> 	TIEMPO: 0.28 Segs. ==>	MONTO: 375.00
	12:22:01 [SEGURO:00] CLIENTE[  20  ] ==>	ASEG: ATRIO Seguros           ==> 	TIEMPO: 0.03 Segs. ==>	MONTO: 375.00
	12:26:45 [SEGURO:00] CLIENTE[  20  ] ==>	ASEG: Dominicana de Seguros   ==> 	TIEMPO: 0.03 Segs. ==>	MONTO: 1,875.00
	12:57:28 [SEGURO:00] CLIENTE[  20  ] ==>	ASEG: Dominicana de Seguros   ==> 	TIEMPO: 0.13 Segs. ==>	MONTO: 1,875.00
	12:59:23 [SEGURO:00] CLIENTE[  20  ] ==>	ASEG: Dominicana de Seguros   ==> 	TIEMPO: 0.03 Segs. ==>	MONTO: 375.00
	13:57:48 [SEGURO:00] CLIENTE[  20  ] ==>	ASEG: Dominicana de Seguros   ==> 	TIEMPO: 0.41 Segs. ==>	MONTO: 375.00
	14:09:37 [SEGURO:00] CLIENTE[  20  ] ==>	ASEG: Dominicana de Seguros   ==> 	TIEMPO: 0.04 Segs. ==>	MONTO: 375.00
	14:15:38 [SEGURO:00] CLIENTE[  20  ] ==>	ASEG: Dominicana de Seguros   ==> 	TIEMPO: 0.14 Segs. ==>	MONTO: 375.00
	14:17:33 [SEGURO:00] CLIENTE[  50  ] ==>	ASEG: ATRIO Seguros           ==> 	TIEMPO: 0.16 Segs. ==>	MONTO: 375.00
	14:39:38 [SEGURO:00] CLIENTE[  20  ] ==>	ASEG: Dominicana de Seguros   ==> 	TIEMPO: 0.20 Segs. ==>	MONTO: 175.00
	14:41:18 [SEGURO:00] CLIENTE[  20  ] ==>	ASEG: Dominicana de Seguros   ==> 	TIEMPO: 0.32 Segs. ==>	MONTO: 275.00
	14:58:52 [SEGURO:00] CLIENTE[  20  ] ==>	ASEG: Dominicana de Seguros   ==> 	TIEMPO: 0.03 Segs. ==>	MONTO: 1,875.00
	15:39:30 [SEGURO:00] CLIENTE[  54  ] ==>	ASEG: ATRIO Seguros           ==> 	TIEMPO: 0.04 Segs. ==>	MONTO: 375.00
	16:09:27 [SEGURO:00] CLIENTE[  54  ] ==>	ASEG: ATRIO Seguros           ==> 	TIEMPO: 0.03 Segs. ==>	MONTO: 375.00
	16:28:08 [SEGURO:00] CLIENTE[  20  ] ==>	ASEG: Dominicana de Seguros   ==> 	TIEMPO: 0.05 Segs. ==>	MONTO: 375.00
	16:29:35 [SEGURO:00] CLIENTE[  57  ] ==>	ASEG: ATRIO Seguros           ==> 	TIEMPO: 0.31 Segs. ==>	MONTO: 1,875.00
	16:55:31 [SEGURO:00] CLIENTE[  20  ] ==>	ASEG: Dominicana de Seguros   ==> 	TIEMPO: 0.03 Segs. ==>	MONTO: 695.00
	17:22:10 [SEGURO:11] CLIENTE[  48  ] ==>	ASEG: No bal. disponible      ==> 	TIEMPO: 0.03 Segs. ==>	MONTO: 6,320.00
	17:29:36 [SEGURO:00] CLIENTE[  54  ] ==>	ASEG: ATRIO Seguros           ==> 	TIEMPO: 0.28 Segs. ==>	MONTO: 375.00
	17:35:35 [SEGURO:00] CLIENTE[  20  ] ==>	ASEG: Dominicana de Seguros   ==> 	TIEMPO: 0.03 Segs. ==>	MONTO: 375.00
	18:07:14 [SEGURO:00] CLIENTE[  20  ] ==>	ASEG: Dominicana de Seguros   ==> 	TIEMPO: 0.09 Segs. ==>	MONTO: 1,875.00
	18:28:23 [SEGURO:00] CLIENTE[  20  ] ==>	ASEG: ATRIO Seguros           ==> 	TIEMPO: 0.03 Segs. ==>	MONTO: 375.00