
	08:00:40 [SEGURO:00] CLIENTE[  20  ] ==>	ASEG: Dominicana de Seguros   ==> 	TIEMPO: 0.03 Segs. ==>	MONTO: 695.00
	08:20:46 [SEGURO:00] CLIENTE[  20  ] ==>	ASEG: Dominicana de Seguros   ==> 	TIEMPO: 0.04 Segs. ==>	MONTO: 375.00
	08:36:18 [SEGURO:00] CLIENTE[  34  ] ==>	ASEG: ATRIO Seguros           ==> 	TIEMPO: 0.05 Segs. ==>	MONTO: 375.00
	08:58:47 [SEGURO:00] CLIENTE[  20  ] ==>	ASEG: ATRIO Seguros           ==> 	TIEMPO: 0.03 Segs. ==>	MONTO: 2,475.00
	09:10:48 [SEGURO:00] CLIENTE[  20  ] ==>	ASEG: Dominicana de Seguros   ==> 	TIEMPO: 0.03 Segs. ==>	MONTO: 2,475.00
	09:24:46 [SEGURO:00] CLIENTE[  20  ] ==>	ASEG: Dominicana de Seguros   ==> 	TIEMPO: 0.04 Segs. ==>	MONTO: 375.00
	10:01:07 [SEGURO:00] CLIENTE[  20  ] ==>	ASEG: Dominicana de Seguros   ==> 	TIEMPO: 0.03 Segs. ==>	MONTO: 175.00
	10:29:52 [SEGURO:00] CLIENTE[  20  ] ==>	ASEG: ATRIO Seguros           ==> 	TIEMPO: 0.04 Segs. ==>	MONTO: 1,875.00
	10:32:25 [SEGURO:00] CLIENTE[  54  ] ==>	ASEG: ATRIO Seguros           ==> 	TIEMPO: 0.04 Segs. ==>	MONTO: 375.00
	10:48:40 [SEGURO:00] CLIENTE[  20  ] ==>	ASEG: Dominicana de Seguros   ==> 	TIEMPO: 0.04 Segs. ==>	MONTO: 375.00
	10:58:58 [SEGURO:00] CLIENTE[  20  ] ==>	ASEG: Dominicana de Seguros   ==> 	TIEMPO: 0.03 Segs. ==>	MONTO: 375.00
	11:09:57 [SEGURO:00] CLIENTE[  20  ] ==>	ASEG: Dominicana de Seguros   ==> 	TIEMPO: 0.04 Segs. ==>	MONTO: 375.00
	11:37:31 [SEGURO:00] CLIENTE[  20  ] ==>	ASEG: Dominicana de Seguros   ==> 	TIEMPO: 0.03 Segs. ==>	MONTO: 375.00
	11:51:13 [SEGURO:00] CLIENTE[  20  ] ==>	ASEG: Dominicana de Seguros   ==> 	TIEMPO: 0.03 Segs. ==>	MONTO: 375.00
	12:01:44 [SEGURO:00] CLIENTE[  20  ] ==>	ASEG: Dominicana de Seguros   ==> 	TIEMPO: 0.03 Segs. ==>	MONTO: 375.00
	12:30:17 [SEGURO:00] CLIENTE[  20  ] ==>	ASEG: Dominicana de Seguros   ==> 	TIEMPO: 0.04 Segs. ==>	MONTO: 1,875.00
	12:49:40 [SEGURO:00] CLIENTE[  20  ] ==>	ASEG: Dominicana de Seguros   ==> 	TIEMPO: 0.03 Segs. ==>	MONTO: 175.00
	13:04:43 [SEGURO:00] CLIENTE[  20  ] ==>	ASEG: Dominicana de Seguros   ==> 	TIEMPO: 0.03 Segs. ==>	MONTO: 375.00
	13:04:43 [SEGURO:00] CLIENTE[  54  ] ==>	ASEG: ATRIO Seguros           ==> 	TIEMPO: 0.04 Segs. ==>	MONTO: 375.00
	13:38:54 [SEGURO:00] CLIENTE[  20  ] ==>	ASEG: Dominicana de Seguros   ==> 	TIEMPO: 0.03 Segs. ==>	MONTO: 375.00
	14:35:13 [SEGURO:00] CLIENTE[  54  ] ==>	ASEG: ATRIO Seguros           ==> 	TIEMPO: 0.04 Segs. ==>	MONTO: 375.00
	14:37:05 [SEGURO:00] CLIENTE[  20  ] ==>	ASEG: Dominicana de Seguros   ==> 	TIEMPO: 0.03 Segs. ==>	MONTO: 375.00
	14:50:26 [SEGURO:00] CLIENTE[  20  ] ==>	ASEG: Dominicana de Seguros   ==> 	TIEMPO: 0.03 Segs. ==>	MONTO: 175.00
	14:55:12 [SEGURO:00] CLIENTE[  20  ] ==>	ASEG: Dominicana de Seguros   ==> 	TIEMPO: 0.04 Segs. ==>	MONTO: 375.00
	14:58:02 [SEGURO:00] CLIENTE[  20  ] ==>	ASEG: Dominicana de Seguros   ==> 	TIEMPO: 0.03 Segs. ==>	MONTO: 375.00
	15:18:52 [SEGURO:00] CLIENTE[  20  ] ==>	ASEG: Dominicana de Seguros   ==> 	TIEMPO: 0.03 Segs. ==>	MONTO: 1,875.00
	15:24:30 [SEGURO:00] CLIENTE[  20  ] ==>	ASEG: Dominicana de Seguros   ==> 	TIEMPO: 0.03 Segs. ==>	MONTO: 375.00
	15:27:47 [SEGURO:00] CLIENTE[  20  ] ==>	ASEG: Dominicana de Seguros   ==> 	TIEMPO: 0.03 Segs. ==>	MONTO: 1,875.00
	15:36:10 [SEGURO:00] CLIENTE[  20  ] ==>	ASEG: ATRIO Seguros           ==> 	TIEMPO: 0.10 Segs. ==>	MONTO: 1,875.00
	15:36:23 [SEGURO:11] CLIENTE[  54  ] ==>	ASEG: No bal. disponible      ==> 	TIEMPO: 0.08 Segs. ==>	MONTO: 375.00
	15:51:00 [SEGURO:00] CLIENTE[  20  ] ==>	ASEG: Dominicana de Seguros   ==> 	TIEMPO: 0.05 Segs. ==>	MONTO: 1,875.00
	16:11:05 [SEGURO:00] CLIENTE[  20  ] ==>	ASEG: Dominicana de Seguros   ==> 	TIEMPO: 0.04 Segs. ==>	MONTO: 375.00
	16:19:02 [SEGURO:00] CLIENTE[  20  ] ==>	ASEG: Dominicana de Seguros   ==> 	TIEMPO: 0.25 Segs. ==>	MONTO: 695.00
	16:42:31 [SEGURO:00] CLIENTE[  20  ] ==>	ASEG: Dominicana de Seguros   ==> 	TIEMPO: 0.04 Segs. ==>	MONTO: 1,875.00
	16:49:22 [SEGURO:00] CLIENTE[  20  ] ==>	ASEG: Dominicana de Seguros   ==> 	TIEMPO: 0.03 Segs. ==>	MONTO: 175.00
	16:54:47 [SEGURO:00] CLIENTE[  20  ] ==>	ASEG: Dominicana de Seguros   ==> 	TIEMPO: 0.03 Segs. ==>	MONTO: 375.00
	17:00:22 [SEGURO:00] CLIENTE[  20  ] ==>	ASEG: Dominicana de Seguros   ==> 	TIEMPO: 0.12 Segs. ==>	MONTO: 375.00
	17:07:34 [SEGURO:00] CLIENTE[  20  ] ==>	ASEG: Dominicana de Seguros   ==> 	TIEMPO: 0.03 Segs. ==>	MONTO: 375.00
	17:11:51 [SEGURO:00] CLIENTE[  20  ] ==>	ASEG: Dominicana de Seguros   ==> 	TIEMPO: 0.03 Segs. ==>	MONTO: 375.00
	17:15:16 [SEGURO:00] CLIENTE[  20  ] ==>	ASEG: ATRIO Seguros           ==> 	TIEMPO: 0.03 Segs. ==>	MONTO: 375.00
	17:18:54 [SEGURO:00] CLIENTE[  20  ] ==>	ASEG: Dominicana de Seguros   ==> 	TIEMPO: 0.05 Segs. ==>	MONTO: 1,875.00
	17:19:37 [SEGURO:00] CLIENTE[  20  ] ==>	ASEG: Dominicana de Seguros   ==> 	TIEMPO: 0.03 Segs. ==>	MONTO: 375.00
	17:31:45 [SEGURO:00] CLIENTE[  20  ] ==>	ASEG: Dominicana de Seguros   ==> 	TIEMPO: 0.04 Segs. ==>	MONTO: 375.00
	17:35:23 [SEGURO:00] CLIENTE[  20  ] ==>	ASEG: Dominicana de Seguros   ==> 	TIEMPO: 0.03 Segs. ==>	MONTO: 695.00
	17:54:31 [SEGURO:00] CLIENTE[  20  ] ==>	ASEG: Dominicana de Seguros   ==> 	TIEMPO: 0.04 Segs. ==>	MONTO: 375.00
	18:43:58 [SEGURO:00] CLIENTE[  20  ] ==>	ASEG: Dominicana de Seguros   ==> 	TIEMPO: 0.04 Segs. ==>	MONTO: 175.00
	19:15:10 [SEGURO:00] CLIENTE[  20  ] ==>	ASEG: Dominicana de Seguros   ==> 	TIEMPO: 0.03 Segs. ==>	MONTO: 375.00